<?xml version="1.0" encoding="UTF-8"?>
<!-- Generated by org.testng.reporters.JUnitReportReporter -->
<testsuite skipped="0" hostname="LAPTOP-LEDPMJ88" name="init.DriverFactory" tests="1" failures="0" timestamp="07 Feb 2020 15:41:10 GMT" time="6.590" errors="0">
  <testcase name="launchBrowser" time="6.590" classname="init.DriverFactory"/>
</testsuite> <!-- init.DriverFactory -->
