<?xml version="1.0" encoding="UTF-8"?>
<!-- Generated by org.testng.reporters.JUnitReportReporter -->
<testsuite skipped="0" hostname="LAPTOP-LEDPMJ88" name="login.LoginTest" tests="1" failures="0" timestamp="08 Feb 2020 10:20:54 GMT" time="6.408" errors="0">
  <testcase name="testLogin" time="6.408" classname="login.LoginTest"/>
</testsuite> <!-- login.LoginTest -->
